<?xml version="1.0" encoding="UTF-8"?>
<!-- Generated by org.testng.reporters.JUnitXMLReporter -->
<testsuite hostname="Dell-Hasan" ignored="0" name="Default test" tests="3" failures="0" timestamp="23 Apr 2017 04:11:45 GMT" time="0.064" errors="0">
  <testcase name="test" time="0.012" classname="org.edu.tech.testngtests.BasicTestNGTest"/>
  <testcase name="test2" time="0.004" classname="org.edu.tech.testngtests.BasicTestNGTest"/>
  <testcase name="test3" time="0.007" classname="org.edu.tech.testngtests.BasicTestNGTest"/>
</testsuite> <!-- Default test -->
