<?xml version="1.0" encoding="UTF-8"?>
<testng-results skipped="0" failed="0" ignored="0" total="3" passed="3">
  <reporter-output>
  </reporter-output>
  <suite name="Default suite" duration-ms="64" started-at="2017-04-23T04:11:45Z" finished-at="2017-04-23T04:11:45Z">
    <groups>
    </groups>
    <test name="Default test" duration-ms="64" started-at="2017-04-23T04:11:45Z" finished-at="2017-04-23T04:11:45Z">
      <class name="org.edu.tech.testngtests.BasicTestNGTest">
        <test-method status="PASS" signature="test()[pri:0, instance:org.edu.tech.testngtests.BasicTestNGTest@5cc7c2a6]" name="test" duration-ms="12" started-at="2017-04-23T00:11:45Z" finished-at="2017-04-23T00:11:45Z">
          <reporter-output>
          </reporter-output>
        </test-method> <!-- test -->
        <test-method status="PASS" signature="test2()[pri:0, instance:org.edu.tech.testngtests.BasicTestNGTest@5cc7c2a6]" name="test2" duration-ms="4" started-at="2017-04-23T00:11:45Z" finished-at="2017-04-23T00:11:45Z">
          <reporter-output>
          </reporter-output>
        </test-method> <!-- test2 -->
        <test-method status="PASS" signature="test3()[pri:0, instance:org.edu.tech.testngtests.BasicTestNGTest@5cc7c2a6]" name="test3" duration-ms="7" started-at="2017-04-23T00:11:45Z" finished-at="2017-04-23T00:11:45Z">
          <reporter-output>
          </reporter-output>
        </test-method> <!-- test3 -->
      </class> <!-- org.edu.tech.testngtests.BasicTestNGTest -->
    </test> <!-- Default test -->
  </suite> <!-- Default suite -->
</testng-results>
